<?xml version="1.0" encoding="UTF-8"?>
<!-- Generated by org.testng.reporters.JUnitReportReporter -->
<testsuite hostname="Sakteswars-MacBook-Air.local" failures="0" tests="3" name="com.selenium.test.SubmitOrderAppTest" time="26.804" errors="0" timestamp="2024-08-19T21:34:22 IST" skipped="0">
  <testcase classname="com.selenium.test.SubmitOrderAppTest" name="orderHistory" time="9.894"/>
  <system-out/>
  <testcase classname="com.selenium.test.SubmitOrderAppTest" name="submitOrder" time="8.719"/>
  <system-out/>
  <testcase classname="com.selenium.test.SubmitOrderAppTest" name="submitOrder" time="8.191"/>
  <system-out/>
</testsuite> <!-- com.selenium.test.SubmitOrderAppTest -->
