<?xml version="1.0" encoding="UTF-8"?>
<!-- Generated by org.testng.reporters.JUnitReportReporter -->
<testsuite hostname="Sakteswars-MacBook-Air.local" failures="0" tests="2" name="com.selenium.test.ErrorValidationTest" time="22.854" errors="0" timestamp="2024-08-19T21:19:11 IST" skipped="0">
  <testcase classname="com.selenium.test.ErrorValidationTest" name="productErrorValidation" time="18.432"/>
  <system-out/>
  <testcase classname="com.selenium.test.ErrorValidationTest" name="loginValidation" time="4.422"/>
  <system-out/>
</testsuite> <!-- com.selenium.test.ErrorValidationTest -->
